  cgt215_final.cpp
C:\Program Files\Microsoft Visual Studio\2022\Community\VC\Tools\MSVC\14.39.33519\include\any(12): warning STL4038: The contents of <any> are available only with C++17 or later.
C:\Users\rnmci\source\repos\cgt215_final\packages\SFPhysics.2.3.2\build\native\include\SFPhysics\BoundsCollisionResult.h(8,9): warning C4099: 'sfp::BoundsCollisionResult': type name first seen using 'class' now seen using 'struct'
  (compiling source file 'cgt215_final.cpp')
  C:\Users\rnmci\source\repos\cgt215_final\packages\SFPhysics.2.3.2\build\native\include\SFPhysics\BoundsCollisionResult.h(8,9):
  see declaration of 'sfp::BoundsCollisionResult'
  
C:\Users\rnmci\source\repos\cgt215_final\cgt215_final.cpp(27,13): warning C4267: 'initializing': conversion from 'size_t' to 'int', possible loss of data
C:\Users\rnmci\source\repos\cgt215_final\cgt215_final.cpp(50,64): warning C4244: 'argument': conversion from 'int' to 'T', possible loss of data
C:\Users\rnmci\source\repos\cgt215_final\cgt215_final.cpp(50,64): warning C4244:         with
C:\Users\rnmci\source\repos\cgt215_final\cgt215_final.cpp(50,64): warning C4244:         [
C:\Users\rnmci\source\repos\cgt215_final\cgt215_final.cpp(50,64): warning C4244:             T=float
C:\Users\rnmci\source\repos\cgt215_final\cgt215_final.cpp(50,64): warning C4244:         ]
C:\Users\rnmci\source\repos\cgt215_final\cgt215_final.cpp(50,41): warning C4244: 'argument': conversion from 'int' to 'T', possible loss of data
C:\Users\rnmci\source\repos\cgt215_final\cgt215_final.cpp(50,41): warning C4244:         with
C:\Users\rnmci\source\repos\cgt215_final\cgt215_final.cpp(50,41): warning C4244:         [
C:\Users\rnmci\source\repos\cgt215_final\cgt215_final.cpp(50,41): warning C4244:             T=float
C:\Users\rnmci\source\repos\cgt215_final\cgt215_final.cpp(50,41): warning C4244:         ]
C:\Users\rnmci\source\repos\cgt215_final\cgt215_final.cpp(249,66): warning C4244: 'argument': conversion from 'T' to 'T', possible loss of data
C:\Users\rnmci\source\repos\cgt215_final\cgt215_final.cpp(249,66): warning C4244:         with
C:\Users\rnmci\source\repos\cgt215_final\cgt215_final.cpp(249,66): warning C4244:         [
C:\Users\rnmci\source\repos\cgt215_final\cgt215_final.cpp(249,66): warning C4244:             T=unsigned int
C:\Users\rnmci\source\repos\cgt215_final\cgt215_final.cpp(249,66): warning C4244:         ]
C:\Users\rnmci\source\repos\cgt215_final\cgt215_final.cpp(249,66): warning C4244:         and
C:\Users\rnmci\source\repos\cgt215_final\cgt215_final.cpp(249,66): warning C4244:         [
C:\Users\rnmci\source\repos\cgt215_final\cgt215_final.cpp(249,66): warning C4244:             T=float
C:\Users\rnmci\source\repos\cgt215_final\cgt215_final.cpp(249,66): warning C4244:         ]
C:\Users\rnmci\source\repos\cgt215_final\cgt215_final.cpp(249,46): warning C4244: 'argument': conversion from 'T' to 'T', possible loss of data
C:\Users\rnmci\source\repos\cgt215_final\cgt215_final.cpp(249,46): warning C4244:         with
C:\Users\rnmci\source\repos\cgt215_final\cgt215_final.cpp(249,46): warning C4244:         [
C:\Users\rnmci\source\repos\cgt215_final\cgt215_final.cpp(249,46): warning C4244:             T=unsigned int
C:\Users\rnmci\source\repos\cgt215_final\cgt215_final.cpp(249,46): warning C4244:         ]
C:\Users\rnmci\source\repos\cgt215_final\cgt215_final.cpp(249,46): warning C4244:         and
C:\Users\rnmci\source\repos\cgt215_final\cgt215_final.cpp(249,46): warning C4244:         [
C:\Users\rnmci\source\repos\cgt215_final\cgt215_final.cpp(249,46): warning C4244:             T=float
C:\Users\rnmci\source\repos\cgt215_final\cgt215_final.cpp(249,46): warning C4244:         ]
C:\Users\rnmci\source\repos\cgt215_final\cgt215_final.cpp(258,71): warning C4244: 'argument': conversion from 'T' to 'float', possible loss of data
C:\Users\rnmci\source\repos\cgt215_final\cgt215_final.cpp(258,71): warning C4244:         with
C:\Users\rnmci\source\repos\cgt215_final\cgt215_final.cpp(258,71): warning C4244:         [
C:\Users\rnmci\source\repos\cgt215_final\cgt215_final.cpp(258,71): warning C4244:             T=unsigned int
C:\Users\rnmci\source\repos\cgt215_final\cgt215_final.cpp(258,71): warning C4244:         ]
C:\Users\rnmci\source\repos\cgt215_final\cgt215_final.cpp(258,46): warning C4244: 'argument': conversion from 'T' to 'float', possible loss of data
C:\Users\rnmci\source\repos\cgt215_final\cgt215_final.cpp(258,46): warning C4244:         with
C:\Users\rnmci\source\repos\cgt215_final\cgt215_final.cpp(258,46): warning C4244:         [
C:\Users\rnmci\source\repos\cgt215_final\cgt215_final.cpp(258,46): warning C4244:             T=unsigned int
C:\Users\rnmci\source\repos\cgt215_final\cgt215_final.cpp(258,46): warning C4244:         ]
C:\Users\rnmci\source\repos\cgt215_final\cgt215_final.cpp(271,74): warning C4244: 'argument': conversion from 'T' to 'float', possible loss of data
C:\Users\rnmci\source\repos\cgt215_final\cgt215_final.cpp(271,74): warning C4244:         with
C:\Users\rnmci\source\repos\cgt215_final\cgt215_final.cpp(271,74): warning C4244:         [
C:\Users\rnmci\source\repos\cgt215_final\cgt215_final.cpp(271,74): warning C4244:             T=unsigned int
C:\Users\rnmci\source\repos\cgt215_final\cgt215_final.cpp(271,74): warning C4244:         ]
C:\Users\rnmci\source\repos\cgt215_final\cgt215_final.cpp(271,49): warning C4244: 'argument': conversion from 'T' to 'float', possible loss of data
C:\Users\rnmci\source\repos\cgt215_final\cgt215_final.cpp(271,49): warning C4244:         with
C:\Users\rnmci\source\repos\cgt215_final\cgt215_final.cpp(271,49): warning C4244:         [
C:\Users\rnmci\source\repos\cgt215_final\cgt215_final.cpp(271,49): warning C4244:             T=unsigned int
C:\Users\rnmci\source\repos\cgt215_final\cgt215_final.cpp(271,49): warning C4244:         ]
C:\Users\rnmci\source\repos\cgt215_final\cgt215_final.cpp(386,54): warning C4244: 'argument': conversion from 'T' to 'T', possible loss of data
C:\Users\rnmci\source\repos\cgt215_final\cgt215_final.cpp(386,54): warning C4244:         with
C:\Users\rnmci\source\repos\cgt215_final\cgt215_final.cpp(386,54): warning C4244:         [
C:\Users\rnmci\source\repos\cgt215_final\cgt215_final.cpp(386,54): warning C4244:             T=unsigned int
C:\Users\rnmci\source\repos\cgt215_final\cgt215_final.cpp(386,54): warning C4244:         ]
C:\Users\rnmci\source\repos\cgt215_final\cgt215_final.cpp(386,54): warning C4244:         and
C:\Users\rnmci\source\repos\cgt215_final\cgt215_final.cpp(386,54): warning C4244:         [
C:\Users\rnmci\source\repos\cgt215_final\cgt215_final.cpp(386,54): warning C4244:             T=float
C:\Users\rnmci\source\repos\cgt215_final\cgt215_final.cpp(386,54): warning C4244:         ]
C:\Users\rnmci\source\repos\cgt215_final\cgt215_final.cpp(388,51): warning C4244: 'argument': conversion from 'int' to 'float', possible loss of data
C:\Users\rnmci\source\repos\cgt215_final\cgt215_final.cpp(393,51): warning C4244: 'argument': conversion from 'T' to 'T', possible loss of data
C:\Users\rnmci\source\repos\cgt215_final\cgt215_final.cpp(393,51): warning C4244:         with
C:\Users\rnmci\source\repos\cgt215_final\cgt215_final.cpp(393,51): warning C4244:         [
C:\Users\rnmci\source\repos\cgt215_final\cgt215_final.cpp(393,51): warning C4244:             T=unsigned int
C:\Users\rnmci\source\repos\cgt215_final\cgt215_final.cpp(393,51): warning C4244:         ]
C:\Users\rnmci\source\repos\cgt215_final\cgt215_final.cpp(393,51): warning C4244:         and
C:\Users\rnmci\source\repos\cgt215_final\cgt215_final.cpp(393,51): warning C4244:         [
C:\Users\rnmci\source\repos\cgt215_final\cgt215_final.cpp(393,51): warning C4244:             T=float
C:\Users\rnmci\source\repos\cgt215_final\cgt215_final.cpp(393,51): warning C4244:         ]
C:\Users\rnmci\source\repos\cgt215_final\cgt215_final.cpp(395,54): warning C4244: 'argument': conversion from 'int' to 'float', possible loss of data
C:\Users\rnmci\source\repos\cgt215_final\cgt215_final.cpp(40,1): warning C4172: returning address of local variable or temporary: data
  cgt215_final.vcxproj -> C:\Users\rnmci\source\repos\cgt215_final\x64\Debug\cgt215_final.exe
